D:\MyProg\CustomizeFfmpegIo\CustomizeFfmpegIo\Debug\cl.command.1.tlog
D:\MyProg\CustomizeFfmpegIo\CustomizeFfmpegIo\Debug\CL.read.1.tlog
D:\MyProg\CustomizeFfmpegIo\CustomizeFfmpegIo\Debug\CL.write.1.tlog
D:\MYPROG\CUSTOMIZEFFMPEGIO\CUSTOMIZEFFMPEGIO\DEBUG\CUSTOMIZEFFMPEGIO.EXE.EMBED.MANIFEST
D:\MYPROG\CUSTOMIZEFFMPEGIO\CUSTOMIZEFFMPEGIO\DEBUG\CUSTOMIZEFFMPEGIO.EXE.EMBED.MANIFEST.RES
D:\MYPROG\CUSTOMIZEFFMPEGIO\CUSTOMIZEFFMPEGIO\DEBUG\CUSTOMIZEFFMPEGIO.EXE.INTERMEDIATE.MANIFEST
D:\MYPROG\CUSTOMIZEFFMPEGIO\CUSTOMIZEFFMPEGIO\DEBUG\CUSTOMIZEFFMPEGIO.OBJ
D:\MYPROG\CUSTOMIZEFFMPEGIO\CUSTOMIZEFFMPEGIO\DEBUG\CUSTOMIZEFFMPEGIO.PCH
D:\MyProg\CustomizeFfmpegIo\CustomizeFfmpegIo\Debug\CustomizeFfmpegIo.vcxprojResolveAssemblyReference.cache
D:\MyProg\CustomizeFfmpegIo\CustomizeFfmpegIo\Debug\CustomizeFfmpegIo.write.1.tlog
D:\MyProg\CustomizeFfmpegIo\CustomizeFfmpegIo\Debug\CustomizeFfmpegIo_manifest.rc
D:\MYPROG\CUSTOMIZEFFMPEGIO\CUSTOMIZEFFMPEGIO\DEBUG\DOLBYAUDIO.OBJ
D:\MyProg\CustomizeFfmpegIo\CustomizeFfmpegIo\Debug\link.1044.read.1.tlog
D:\MyProg\CustomizeFfmpegIo\CustomizeFfmpegIo\Debug\link.1044.write.1.tlog
D:\MyProg\CustomizeFfmpegIo\CustomizeFfmpegIo\Debug\link.1044-cvtres.read.1.tlog
D:\MyProg\CustomizeFfmpegIo\CustomizeFfmpegIo\Debug\link.1044-cvtres.write.1.tlog
D:\MyProg\CustomizeFfmpegIo\CustomizeFfmpegIo\Debug\link.1088.read.1.tlog
D:\MyProg\CustomizeFfmpegIo\CustomizeFfmpegIo\Debug\link.1088.write.1.tlog
D:\MyProg\CustomizeFfmpegIo\CustomizeFfmpegIo\Debug\link.1088-cvtres.read.1.tlog
D:\MyProg\CustomizeFfmpegIo\CustomizeFfmpegIo\Debug\link.1088-cvtres.write.1.tlog
D:\MyProg\CustomizeFfmpegIo\CustomizeFfmpegIo\Debug\link.2220.read.1.tlog
D:\MyProg\CustomizeFfmpegIo\CustomizeFfmpegIo\Debug\link.2220.write.1.tlog
D:\MyProg\CustomizeFfmpegIo\CustomizeFfmpegIo\Debug\link.2220-cvtres.read.1.tlog
D:\MyProg\CustomizeFfmpegIo\CustomizeFfmpegIo\Debug\link.2220-cvtres.write.1.tlog
D:\MyProg\CustomizeFfmpegIo\CustomizeFfmpegIo\Debug\link.2656.read.1.tlog
D:\MyProg\CustomizeFfmpegIo\CustomizeFfmpegIo\Debug\link.2656.write.1.tlog
D:\MyProg\CustomizeFfmpegIo\CustomizeFfmpegIo\Debug\link.2656-cvtres.read.1.tlog
D:\MyProg\CustomizeFfmpegIo\CustomizeFfmpegIo\Debug\link.2656-cvtres.write.1.tlog
D:\MyProg\CustomizeFfmpegIo\CustomizeFfmpegIo\Debug\link.3744.read.1.tlog
D:\MyProg\CustomizeFfmpegIo\CustomizeFfmpegIo\Debug\link.3744.write.1.tlog
D:\MyProg\CustomizeFfmpegIo\CustomizeFfmpegIo\Debug\link.3744-cvtres.read.1.tlog
D:\MyProg\CustomizeFfmpegIo\CustomizeFfmpegIo\Debug\link.3744-cvtres.write.1.tlog
D:\MyProg\CustomizeFfmpegIo\CustomizeFfmpegIo\Debug\link.3844.read.1.tlog
D:\MyProg\CustomizeFfmpegIo\CustomizeFfmpegIo\Debug\link.3844.write.1.tlog
D:\MyProg\CustomizeFfmpegIo\CustomizeFfmpegIo\Debug\link.3844-cvtres.read.1.tlog
D:\MyProg\CustomizeFfmpegIo\CustomizeFfmpegIo\Debug\link.3844-cvtres.write.1.tlog
D:\MyProg\CustomizeFfmpegIo\CustomizeFfmpegIo\Debug\link.3912.read.1.tlog
D:\MyProg\CustomizeFfmpegIo\CustomizeFfmpegIo\Debug\link.3912.write.1.tlog
D:\MyProg\CustomizeFfmpegIo\CustomizeFfmpegIo\Debug\link.3912-cvtres.read.1.tlog
D:\MyProg\CustomizeFfmpegIo\CustomizeFfmpegIo\Debug\link.3912-cvtres.write.1.tlog
D:\MyProg\CustomizeFfmpegIo\CustomizeFfmpegIo\Debug\link.4620.read.1.tlog
D:\MyProg\CustomizeFfmpegIo\CustomizeFfmpegIo\Debug\link.4620.write.1.tlog
D:\MyProg\CustomizeFfmpegIo\CustomizeFfmpegIo\Debug\link.4620-cvtres.read.1.tlog
D:\MyProg\CustomizeFfmpegIo\CustomizeFfmpegIo\Debug\link.4620-cvtres.write.1.tlog
D:\MyProg\CustomizeFfmpegIo\CustomizeFfmpegIo\Debug\link.5368.read.1.tlog
D:\MyProg\CustomizeFfmpegIo\CustomizeFfmpegIo\Debug\link.5368.write.1.tlog
D:\MyProg\CustomizeFfmpegIo\CustomizeFfmpegIo\Debug\link.5368-cvtres.read.1.tlog
D:\MyProg\CustomizeFfmpegIo\CustomizeFfmpegIo\Debug\link.5368-cvtres.write.1.tlog
D:\MyProg\CustomizeFfmpegIo\CustomizeFfmpegIo\Debug\link.5872.read.1.tlog
D:\MyProg\CustomizeFfmpegIo\CustomizeFfmpegIo\Debug\link.5872.write.1.tlog
D:\MyProg\CustomizeFfmpegIo\CustomizeFfmpegIo\Debug\link.5872-cvtres.read.1.tlog
D:\MyProg\CustomizeFfmpegIo\CustomizeFfmpegIo\Debug\link.5872-cvtres.write.1.tlog
D:\MyProg\CustomizeFfmpegIo\CustomizeFfmpegIo\Debug\link.6104.read.1.tlog
D:\MyProg\CustomizeFfmpegIo\CustomizeFfmpegIo\Debug\link.6104.write.1.tlog
D:\MyProg\CustomizeFfmpegIo\CustomizeFfmpegIo\Debug\link.6104-cvtres.read.1.tlog
D:\MyProg\CustomizeFfmpegIo\CustomizeFfmpegIo\Debug\link.6104-cvtres.write.1.tlog
D:\MyProg\CustomizeFfmpegIo\CustomizeFfmpegIo\Debug\link.6404.read.1.tlog
D:\MyProg\CustomizeFfmpegIo\CustomizeFfmpegIo\Debug\link.6404.write.1.tlog
D:\MyProg\CustomizeFfmpegIo\CustomizeFfmpegIo\Debug\link.6404-cvtres.read.1.tlog
D:\MyProg\CustomizeFfmpegIo\CustomizeFfmpegIo\Debug\link.6404-cvtres.write.1.tlog
D:\MyProg\CustomizeFfmpegIo\CustomizeFfmpegIo\Debug\link.6904.read.1.tlog
D:\MyProg\CustomizeFfmpegIo\CustomizeFfmpegIo\Debug\link.6904.write.1.tlog
D:\MyProg\CustomizeFfmpegIo\CustomizeFfmpegIo\Debug\link.6904-cvtres.read.1.tlog
D:\MyProg\CustomizeFfmpegIo\CustomizeFfmpegIo\Debug\link.6904-cvtres.write.1.tlog
D:\MyProg\CustomizeFfmpegIo\CustomizeFfmpegIo\Debug\link.7128.read.1.tlog
D:\MyProg\CustomizeFfmpegIo\CustomizeFfmpegIo\Debug\link.7128.write.1.tlog
D:\MyProg\CustomizeFfmpegIo\CustomizeFfmpegIo\Debug\link.7128-cvtres.read.1.tlog
D:\MyProg\CustomizeFfmpegIo\CustomizeFfmpegIo\Debug\link.7128-cvtres.write.1.tlog
D:\MyProg\CustomizeFfmpegIo\CustomizeFfmpegIo\Debug\link.8072.read.1.tlog
D:\MyProg\CustomizeFfmpegIo\CustomizeFfmpegIo\Debug\link.8072.write.1.tlog
D:\MyProg\CustomizeFfmpegIo\CustomizeFfmpegIo\Debug\link.8072-cvtres.read.1.tlog
D:\MyProg\CustomizeFfmpegIo\CustomizeFfmpegIo\Debug\link.8072-cvtres.write.1.tlog
D:\MyProg\CustomizeFfmpegIo\CustomizeFfmpegIo\Debug\link.9384.read.1.tlog
D:\MyProg\CustomizeFfmpegIo\CustomizeFfmpegIo\Debug\link.9384.write.1.tlog
D:\MyProg\CustomizeFfmpegIo\CustomizeFfmpegIo\Debug\link.9384-cvtres.read.1.tlog
D:\MyProg\CustomizeFfmpegIo\CustomizeFfmpegIo\Debug\link.9384-cvtres.write.1.tlog
D:\MyProg\CustomizeFfmpegIo\CustomizeFfmpegIo\Debug\link.command.1.tlog
D:\MyProg\CustomizeFfmpegIo\CustomizeFfmpegIo\Debug\link.read.1.tlog
D:\MyProg\CustomizeFfmpegIo\CustomizeFfmpegIo\Debug\link.write.1.tlog
D:\MyProg\CustomizeFfmpegIo\CustomizeFfmpegIo\Debug\link-cvtres.read.1.tlog
D:\MyProg\CustomizeFfmpegIo\CustomizeFfmpegIo\Debug\link-cvtres.write.1.tlog
D:\MYPROG\CUSTOMIZEFFMPEGIO\CUSTOMIZEFFMPEGIO\DEBUG\MPEGTS.OBJ
D:\MyProg\CustomizeFfmpegIo\CustomizeFfmpegIo\Debug\mt.command.1.tlog
D:\MyProg\CustomizeFfmpegIo\CustomizeFfmpegIo\Debug\mt.read.1.tlog
D:\MyProg\CustomizeFfmpegIo\CustomizeFfmpegIo\Debug\mt.write.1.tlog
D:\MYPROG\CUSTOMIZEFFMPEGIO\CUSTOMIZEFFMPEGIO\DEBUG\OUTPUTSOURCE.OBJ
D:\MyProg\CustomizeFfmpegIo\CustomizeFfmpegIo\Debug\rc.command.1.tlog
D:\MyProg\CustomizeFfmpegIo\CustomizeFfmpegIo\Debug\rc.read.1.tlog
D:\MyProg\CustomizeFfmpegIo\CustomizeFfmpegIo\Debug\rc.write.1.tlog
D:\MYPROG\CUSTOMIZEFFMPEGIO\CUSTOMIZEFFMPEGIO\DEBUG\STDAFX.OBJ
D:\MyProg\CustomizeFfmpegIo\CustomizeFfmpegIo\Debug\vc100.idb
D:\MYPROG\CUSTOMIZEFFMPEGIO\CUSTOMIZEFFMPEGIO\DEBUG\VC100.PDB
D:\MYPROG\CUSTOMIZEFFMPEGIO\DEBUG\CUSTOMIZEFFMPEGIO.EXE
D:\MYPROG\CUSTOMIZEFFMPEGIO\DEBUG\CUSTOMIZEFFMPEGIO.ILK
D:\MYPROG\CUSTOMIZEFFMPEGIO\DEBUG\CUSTOMIZEFFMPEGIO.PDB
